<?xml version="1.0" encoding="UTF-8"?>
<!-- Generated by org.testng.reporters.JUnitReportReporter -->
<testsuite hostname="DESKTOP-4B53UME" failures="0" tests="1" name="com.crm.contactOrg.CreateContactsTest" time="72.523" errors="0" timestamp="2022-06-24T16:55:05 IST" skipped="0">
  <testcase classname="com.crm.contactOrg.CreateContactsTest" name="createContactTest" time="72.523"/>
  <system-out/>
</testsuite> <!-- com.crm.contactOrg.CreateContactsTest -->
