<?xml version="1.0" encoding="UTF-8"?>
<!-- Generated by org.testng.reporters.JUnitReportReporter -->
<testsuite hostname="DESKTOP-4B53UME" failures="0" tests="1" name="com.crm.contacts.CreateContactTest" time="131.602" errors="0" timestamp="2022-06-20T16:04:54 IST" skipped="0">
  <testcase classname="com.crm.contacts.CreateContactTest" name="createContactTest" time="131.602"/>
  <system-out/>
</testsuite> <!-- com.crm.contacts.CreateContactTest -->
