<?xml version="1.0" encoding="UTF-8"?>
<!-- Generated by org.testng.reporters.JUnitReportReporter -->
<testsuite hostname="DESKTOP-4B53UME" failures="0" tests="1" name="com.crm.contactOrg.CreateContactsTest" time="71.457" errors="0" timestamp="2022-06-17T11:17:36 IST" skipped="0">
  <testcase classname="com.crm.contactOrg.CreateContactsTest" name="createContactTest1" time="71.457"/>
  <system-out/>
</testsuite> <!-- com.crm.contactOrg.CreateContactsTest -->
