<?xml version="1.0" encoding="UTF-8"?>
<!-- Generated by org.testng.reporters.JUnitReportReporter -->
<testsuite hostname="DESKTOP-4B53UME" failures="0" tests="1" name="com.crm.contacts.CreateContactWithGroupSelectTest" time="54.477" errors="0" timestamp="2022-06-15T16:23:49 IST" skipped="0">
  <testcase classname="com.crm.contacts.CreateContactWithGroupSelectTest" name="createContactWithGroupSelectTest" time="54.477"/>
  <system-out/>
</testsuite> <!-- com.crm.contacts.CreateContactWithGroupSelectTest -->
