<?xml version="1.0" encoding="UTF-8"?>
<!-- Generated by org.testng.reporters.JUnitReportReporter -->
<testsuite hostname="DESKTOP-4B53UME" failures="0" tests="1" name="com.crm.contactOrg.ContactWithOrgTest" time="54.482" errors="0" timestamp="2022-06-21T12:23:57 IST" skipped="0">
  <testcase classname="com.crm.contactOrg.ContactWithOrgTest" name="contactWithOrgTest1" time="54.482"/>
  <system-out/>
</testsuite> <!-- com.crm.contactOrg.ContactWithOrgTest -->
