<?xml version="1.0" encoding="UTF-8"?>
<!-- Generated by org.testng.reporters.JUnitReportReporter -->
<testsuite hostname="DESKTOP-4B53UME" failures="0" tests="3" name="com.crm.TestNG.AnimalsTest" time="0.030" errors="0" timestamp="2022-06-20T15:14:04 IST" skipped="0">
  <testcase classname="com.crm.TestNG.AnimalsTest" name="dogTest" time="0.011"/>
  <system-out>
    <![CDATA[medium]]>
  </system-out>
  <testcase classname="com.crm.TestNG.AnimalsTest" name="elephantTest" time="0.017"/>
  <system-out>
    <![CDATA[big]]>
  </system-out>
  <testcase classname="com.crm.TestNG.AnimalsTest" name="ratTest" time="0.002"/>
  <system-out>
    <![CDATA[small]]>
  </system-out>
</testsuite> <!-- com.crm.TestNG.AnimalsTest -->
