<?xml version="1.0" encoding="UTF-8"?>
<!-- Generated by org.testng.reporters.JUnitReportReporter -->
<testsuite hostname="DESKTOP-4B53UME" failures="0" tests="1" name="com.vitiget.contacts.CreateContactTest" time="34.347" errors="0" timestamp="2022-06-15T14:29:28 IST" skipped="0">
  <testcase classname="com.vitiget.contacts.CreateContactTest" name="createContactTest" time="34.347"/>
  <system-out/>
</testsuite> <!-- com.vitiget.contacts.CreateContactTest -->
