<?xml version="1.0" encoding="UTF-8"?>
<!-- Generated by org.testng.reporters.JUnitReportReporter -->
<testsuite hostname="DESKTOP-4B53UME" failures="0" tests="1" name="com.crm.TestNG.PracticeTest" time="0.011" errors="0" timestamp="2022-06-14T11:41:01 IST" skipped="0">
  <testcase classname="com.crm.TestNG.PracticeTest" name="test" time="0.011"/>
  <system-out/>
</testsuite> <!-- com.crm.TestNG.PracticeTest -->
