<?xml version="1.0" encoding="UTF-8"?>
<!-- Generated by org.testng.reporters.JUnitReportReporter -->
<testsuite hostname="DESKTOP-4B53UME" failures="0" tests="1" name="com.org.organization.OrganisationWithIndustryTest" time="58.820" errors="0" timestamp="2022-06-15T13:34:12 IST" skipped="0">
  <testcase classname="com.org.organization.OrganisationWithIndustryTest" name="organizationWithIndustry" time="58.820"/>
  <system-out/>
</testsuite> <!-- com.org.organization.OrganisationWithIndustryTest -->
