<?xml version="1.0" encoding="UTF-8"?>
<!-- Generated by org.testng.reporters.JUnitReportReporter -->
<testsuite hostname="DESKTOP-4B53UME" failures="0" tests="1" name="com.org.organization.CreateOrganizationTest" time="60.459" errors="0" timestamp="2022-06-15T13:30:27 IST" skipped="0">
  <testcase classname="com.org.organization.CreateOrganizationTest" name="createOrgTest" time="60.459"/>
  <system-out/>
</testsuite> <!-- com.org.organization.CreateOrganizationTest -->
