<?xml version="1.0" encoding="UTF-8"?>
<!-- Generated by org.testng.reporters.JUnitReportReporter -->
<testsuite hostname="DESKTOP-4B53UME" failures="0" tests="1" name="com.crm.contacts.CreateContactWithAdminSelectTest" time="55.744" errors="0" timestamp="2022-06-16T13:31:44 IST" skipped="0">
  <testcase classname="com.crm.contacts.CreateContactWithAdminSelectTest" name="createContactWithAdminSelectTest" time="55.744"/>
  <system-out/>
</testsuite> <!-- com.crm.contacts.CreateContactWithAdminSelectTest -->
