<?xml version="1.0" encoding="UTF-8"?>
<!-- Generated by org.testng.reporters.JUnitReportReporter -->
<testsuite hostname="DESKTOP-4B53UME" failures="0" tests="1" name="com.vitiget.contacts.CreateContactWithAdminSelectTest" time="31.716" errors="0" timestamp="2022-06-15T14:32:38 IST" skipped="0">
  <testcase classname="com.vitiget.contacts.CreateContactWithAdminSelectTest" name="createContactWithAdminSelectTest" time="31.716"/>
  <system-out/>
</testsuite> <!-- com.vitiget.contacts.CreateContactWithAdminSelectTest -->
