<?xml version="1.0" encoding="UTF-8"?>
<!-- Generated by org.testng.reporters.JUnitReportReporter -->
<testsuite hostname="DESKTOP-4B53UME" failures="0" tests="1" name="com.vitiget.contacts.CreateContactWithGroupSelectTest" time="28.410" errors="0" timestamp="2022-06-15T14:34:49 IST" skipped="0">
  <testcase classname="com.vitiget.contacts.CreateContactWithGroupSelectTest" name="createContactWithGroupSelectTest" time="28.410"/>
  <system-out/>
</testsuite> <!-- com.vitiget.contacts.CreateContactWithGroupSelectTest -->
