<?xml version="1.0" encoding="UTF-8"?>
<!-- Generated by org.testng.reporters.JUnitReportReporter -->
<testsuite hostname="DESKTOP-4B53UME" failures="0" tests="3" name="com.crm.TestNG.DataProviderExTest" time="0.040" errors="0" timestamp="2022-06-15T16:33:04 IST" skipped="0">
  <testcase classname="com.crm.TestNG.DataProviderExTest" name="ticketTest" time="0.027"/>
  <system-out/>
  <testcase classname="com.crm.TestNG.DataProviderExTest" name="ticketTest" time="0.006"/>
  <system-out/>
  <testcase classname="com.crm.TestNG.DataProviderExTest" name="ticketTest" time="0.007"/>
  <system-out/>
</testsuite> <!-- com.crm.TestNG.DataProviderExTest -->
