<?xml version="1.0" encoding="UTF-8"?>
<!-- Generated by org.testng.reporters.JUnitReportReporter -->
<testsuite hostname="DESKTOP-4B53UME" failures="0" tests="1" name="com.vitiget.contacts.CreateContactWithTeamGroupSelectTest" time="28.199" errors="0" timestamp="2022-06-15T14:36:58 IST" skipped="0">
  <testcase classname="com.vitiget.contacts.CreateContactWithTeamGroupSelectTest" name="createContactWithTeamGroupSelectTest" time="28.199"/>
  <system-out/>
</testsuite> <!-- com.vitiget.contacts.CreateContactWithTeamGroupSelectTest -->
