<?xml version="1.0" encoding="UTF-8"?>
<!-- Generated by org.testng.reporters.JUnitReportReporter -->
<testsuite skipped="0" hostname="DESKTOP-4B53UME" name="com.crm.contacts.CreateContactWithAdminSelectTest" tests="1" failures="0" timestamp="2022-06-21T11:07:24 IST" time="60.826" errors="0">
  <testcase name="createContactWithAdminSelectTest" time="60.826" classname="com.crm.contacts.CreateContactWithAdminSelectTest"/>
  <system-out/>
</testsuite> <!-- com.crm.contacts.CreateContactWithAdminSelectTest -->
