<?xml version="1.0" encoding="UTF-8"?>
<!-- Generated by org.testng.reporters.JUnitReportReporter -->
<testsuite skipped="0" hostname="DESKTOP-4B53UME" name="com.crm.contactOrg.CreateContactsTest" tests="1" failures="0" timestamp="2022-06-21T12:27:53 IST" time="53.117" errors="0">
  <testcase name="createContactTest1" time="53.117" classname="com.crm.contactOrg.CreateContactsTest"/>
  <system-out/>
</testsuite> <!-- com.crm.contactOrg.CreateContactsTest -->
