<?xml version="1.0" encoding="UTF-8"?>
<!-- Generated by org.testng.reporters.JUnitReportReporter -->
<testsuite skipped="0" hostname="DESKTOP-4B53UME" name="com.crm.contactOrg.ContactWithOrgTest" tests="1" failures="0" timestamp="2022-06-21T12:01:47 IST" time="58.618" errors="0">
  <testcase name="contactWithOrgTest1" time="58.618" classname="com.crm.contactOrg.ContactWithOrgTest"/>
  <system-out/>
</testsuite> <!-- com.crm.contactOrg.ContactWithOrgTest -->
