<?xml version="1.0" encoding="UTF-8"?>
<!-- Generated by org.testng.reporters.JUnitReportReporter -->
<testsuite skipped="0" hostname="DESKTOP-4B53UME" name="com.crm.contacts.CreateContactTest" tests="1" failures="0" timestamp="2022-06-21T11:07:24 IST" time="61.048" errors="0">
  <testcase name="createContactTest" time="61.048" classname="com.crm.contacts.CreateContactTest"/>
  <system-out/>
</testsuite> <!-- com.crm.contacts.CreateContactTest -->
