<?xml version="1.0" encoding="UTF-8"?>
<!-- Generated by org.testng.reporters.JUnitReportReporter -->
<testsuite skipped="1" hostname="DESKTOP-4B53UME" name="com.crm.organization.CreateOrganizationTest" tests="2" failures="0" timestamp="2022-06-21T11:50:01 IST" time="113.135" errors="0">
  <testcase name="createOrgTest" time="62.578" classname="com.crm.organization.CreateOrganizationTest">
    <skipped/>
  </testcase> <!-- createOrgTest -->
  <system-out/>
  <testcase name="createOrgTest" time="50.557" classname="com.crm.organization.CreateOrganizationTest"/>
  <system-out/>
</testsuite> <!-- com.crm.organization.CreateOrganizationTest -->
