<?xml version="1.0" encoding="UTF-8"?>
<!-- Generated by org.testng.reporters.JUnitReportReporter -->
<testsuite skipped="0" hostname="DESKTOP-4B53UME" name="com.crm.organization.OrganisationWithIndustryTest" tests="1" failures="0" timestamp="2022-06-21T11:50:01 IST" time="63.176" errors="0">
  <testcase name="organizationWithIndustry" time="63.176" classname="com.crm.organization.OrganisationWithIndustryTest"/>
  <system-out/>
</testsuite> <!-- com.crm.organization.OrganisationWithIndustryTest -->
